  mainGame.cpp
C:\Users\Admin\Desktop\Game\Game\button.h(13,20): warning C4244: 'argument': conversion from 'int' to 'float', possible loss of data
C:\Users\Admin\Desktop\Game\Game\level2.h(8,1): warning C4005: 'nb': macro redefinition
C:\Users\Admin\Desktop\Game\Game\level1.h(8): message : see previous definition of 'nb'
C:\Users\Admin\Desktop\Game\Game\mainGame.cpp(24,45): warning C4244: 'argument': conversion from 'T' to 'float', possible loss of data
          with
          [
              T=unsigned int
          ]
C:\Users\Admin\Desktop\Game\Game\mainGame.cpp(24,25): warning C4244: 'argument': conversion from 'T' to 'float', possible loss of data
          with
          [
              T=unsigned int
          ]
C:\Users\Admin\Desktop\Game\Game\mainGame.cpp(25,51): warning C4244: 'argument': conversion from 'T' to 'float', possible loss of data
          with
          [
              T=unsigned int
          ]
C:\Users\Admin\Desktop\Game\Game\mainGame.cpp(25,31): warning C4244: 'argument': conversion from 'T' to 'float', possible loss of data
          with
          [
              T=unsigned int
          ]
  Game.vcxproj -> C:\Users\Admin\Desktop\Game\Game\x64\Debug\Game.exe
